<?xml version="1.0" encoding="UTF-8"?>
<testsuite name="com.example.filmrecommendation.FilmRecommenadtionSystemApplicationTests" tests="1" skipped="0" failures="0" errors="0" timestamp="2024-12-25T02:07:39" hostname="DESKTOP-EEVENP0" time="1.202">
  <properties/>
  <testcase name="contextLoads()" classname="com.example.filmrecommendation.FilmRecommenadtionSystemApplicationTests" time="1.202"/>
  <system-out><![CDATA[02:07:32.553 [Test worker] INFO org.springframework.test.context.support.AnnotationConfigContextLoaderUtils -- Could not detect default configuration classes for test class [com.example.filmrecommendation.FilmRecommenadtionSystemApplicationTests]: FilmRecommenadtionSystemApplicationTests does not declare any static, non-private, non-final, nested classes annotated with @Configuration.
02:07:32.705 [Test worker] INFO org.springframework.boot.test.context.SpringBootTestContextBootstrapper -- Found @SpringBootConfiguration com.example.filmrecommendation.FilmRecommenadtionApplication for test class com.example.filmrecommendation.FilmRecommenadtionSystemApplicationTests

  .   ____          _            __ _ _
 /\\ / ___'_ __ _ _(_)_ __  __ _ \ \ \ \
( ( )\___ | '_ | '_| | '_ \/ _` | \ \ \ \
 \\/  ___)| |_)| | | | | || (_| |  ) ) ) )
  '  |____| .__|_| |_|_| |_\__, | / / / /
 =========|_|==============|___/=/_/_/_/

 :: Spring Boot ::                (v3.4.1)

2024-12-25T02:07:33.274Z  INFO 20656 --- [film-recommenadtion-system] [    Test worker] FilmRecommenadtionSystemApplicationTests : Starting FilmRecommenadtionSystemApplicationTests using Java 17.0.12 with PID 20656 (started by User in C:\Users\User\Videos\CO3095-Group10\Film-Recommendation-System)
2024-12-25T02:07:33.277Z  INFO 20656 --- [film-recommenadtion-system] [    Test worker] FilmRecommenadtionSystemApplicationTests : No active profile set, falling back to 1 default profile: "default"
2024-12-25T02:07:34.161Z  INFO 20656 --- [film-recommenadtion-system] [    Test worker] .s.d.r.c.RepositoryConfigurationDelegate : Bootstrapping Spring Data JPA repositories in DEFAULT mode.
2024-12-25T02:07:34.200Z  INFO 20656 --- [film-recommenadtion-system] [    Test worker] .s.d.r.c.RepositoryConfigurationDelegate : Finished Spring Data repository scanning in 23 ms. Found 0 JPA repository interfaces.
2024-12-25T02:07:35.141Z  INFO 20656 --- [film-recommenadtion-system] [    Test worker] o.hibernate.jpa.internal.util.LogHelper  : HHH000204: Processing PersistenceUnitInfo [name: default]
2024-12-25T02:07:35.323Z  INFO 20656 --- [film-recommenadtion-system] [    Test worker] org.hibernate.Version                    : HHH000412: Hibernate ORM core version 6.6.4.Final
2024-12-25T02:07:35.442Z  INFO 20656 --- [film-recommenadtion-system] [    Test worker] o.h.c.internal.RegionFactoryInitiator    : HHH000026: Second-level cache disabled
2024-12-25T02:07:36.216Z  INFO 20656 --- [film-recommenadtion-system] [    Test worker] o.s.o.j.p.SpringPersistenceUnitInfo      : No LoadTimeWeaver setup: ignoring JPA class transformer
2024-12-25T02:07:36.300Z  INFO 20656 --- [film-recommenadtion-system] [    Test worker] com.zaxxer.hikari.HikariDataSource       : HikariPool-1 - Starting...
2024-12-25T02:07:36.783Z  INFO 20656 --- [film-recommenadtion-system] [    Test worker] com.zaxxer.hikari.pool.HikariPool        : HikariPool-1 - Added connection conn0: url=jdbc:h2:mem:filmdb user=SA
2024-12-25T02:07:36.789Z  INFO 20656 --- [film-recommenadtion-system] [    Test worker] com.zaxxer.hikari.HikariDataSource       : HikariPool-1 - Start completed.
2024-12-25T02:07:36.945Z  INFO 20656 --- [film-recommenadtion-system] [    Test worker] org.hibernate.orm.connections.pooling    : HHH10001005: Database info:
	Database JDBC URL [Connecting through datasource 'HikariDataSource (HikariPool-1)']
	Database driver: undefined/unknown
	Database version: 2.3.232
	Autocommit mode: undefined/unknown
	Isolation level: undefined/unknown
	Minimum pool size: undefined/unknown
	Maximum pool size: undefined/unknown
2024-12-25T02:07:37.780Z  INFO 20656 --- [film-recommenadtion-system] [    Test worker] o.h.e.t.j.p.i.JtaPlatformInitiator       : HHH000489: No JTA platform available (set 'hibernate.transaction.jta.platform' to enable JTA platform integration)
2024-12-25T02:07:37.796Z  INFO 20656 --- [film-recommenadtion-system] [    Test worker] j.LocalContainerEntityManagerFactoryBean : Initialized JPA EntityManagerFactory for persistence unit 'default'
2024-12-25T02:07:38.194Z  WARN 20656 --- [film-recommenadtion-system] [    Test worker] JpaBaseConfiguration$JpaWebConfiguration : spring.jpa.open-in-view is enabled by default. Therefore, database queries may be performed during view rendering. Explicitly configure spring.jpa.open-in-view to disable this warning
2024-12-25T02:07:39.137Z  INFO 20656 --- [film-recommenadtion-system] [    Test worker] o.s.b.a.h2.H2ConsoleAutoConfiguration    : H2 console available at '/h2-console'. Database available at 'jdbc:h2:mem:filmdb'
2024-12-25T02:07:39.299Z  INFO 20656 --- [film-recommenadtion-system] [    Test worker] FilmRecommenadtionSystemApplicationTests : Started FilmRecommenadtionSystemApplicationTests in 6.378 seconds (process running for 7.952)
]]></system-out>
  <system-err><![CDATA[]]></system-err>
</testsuite>
